Using pre-set license
Built from '2020.3/staging' branch; Version is '2020.3.5f1 (8095aa901b9b) revision 8426922'; Using compiler version '192528614'; Build Type 'Release'
OS: 'Windows 10 Home; OS build 19042.985; Version 2009; 64bit' Language: 'pl' Physical Memory: 7986 MB
BatchMode: 1, IsHumanControllingUs: 0, StartBugReporterOnCrash: 0, Is64bit: 1, IsPro: 0

 COMMAND LINE ARGUMENTS:
D:\2020.3.5f1\Editor\Unity.exe
-adb2
-batchMode
-noUpm
-name
AssetImportWorker0
-projectPath
C:/Pyramid Games Academy
-logFile
Logs/AssetImportWorker0.log
-srvPort
49284
Successfully changed project path to: C:/Pyramid Games Academy
C:/Pyramid Games Academy
Using Asset Import Pipeline V2.
Refreshing native plugins compatible for Editor in 23.64 ms, found 0 plugins.
Preloading 0 native plugins for Editor in 0.00 ms.
Initialize engine version: 2020.3.5f1 (8095aa901b9b)
[Subsystems] Discovering subsystems at path D:/2020.3.5f1/Editor/Data/Resources/UnitySubsystems
[Subsystems] Discovering subsystems at path C:/Pyramid Games Academy/Assets
GfxDevice: creating device client; threaded=0
Direct3D:
    Version:  Direct3D 11.0 [level 11.1]
    Renderer: NVIDIA GeForce GTX 1050 Ti (ID=0x1c8c)
    Vendor:   
    VRAM:     4018 MB
    Driver:   27.21.14.5771
Initialize mono
Mono path[0] = 'D:/2020.3.5f1/Editor/Data/Managed'
Mono path[1] = 'D:/2020.3.5f1/Editor/Data/MonoBleedingEdge/lib/mono/unityjit'
Mono config path = 'D:/2020.3.5f1/Editor/Data/MonoBleedingEdge/etc'
Using monoOptions --debugger-agent=transport=dt_socket,embedding=1,server=y,suspend=n,address=127.0.0.1:56056
Begin MonoManager ReloadAssembly
Registering precompiled unity dll's ...
Register platform support module: D:/2020.3.5f1/Editor/Data/PlaybackEngines/WindowsStandaloneSupport/UnityEditor.WindowsStandalone.Extensions.dll
Registered in 0.001174 seconds.
Native extension for WindowsStandalone target not found
Refreshing native plugins compatible for Editor in 22.57 ms, found 0 plugins.
Preloading 0 native plugins for Editor in 0.00 ms.
Mono: successfully reloaded assembly
- Completed reload, in  2.127 seconds
Platform modules already initialized, skipping
Registering precompiled user dll's ...
Registered in 0.001172 seconds.
Begin MonoManager ReloadAssembly
Native extension for WindowsStandalone target not found
Refreshing native plugins compatible for Editor in 0.21 ms, found 0 plugins.
Preloading 0 native plugins for Editor in 0.00 ms.
Mono: successfully reloaded assembly
- Completed reload, in  1.151 seconds
Platform modules already initialized, skipping
========================================================================
Worker process is ready to serve import requests
Launched and connected shader compiler UnityShaderCompiler.exe after 0.12 seconds
Refreshing native plugins compatible for Editor in 0.20 ms, found 0 plugins.
Preloading 0 native plugins for Editor in 0.00 ms.
Unloading 1172 Unused Serialized files (Serialized files now loaded: 0)
System memory in use before: 60.7 MB.
System memory in use after: 60.7 MB.

Unloading 9 unused Assets to reduce memory usage. Loaded Objects now: 1617.
Total: 1.658400 ms (FindLiveObjects: 0.181100 ms CreateObjectMapping: 0.038500 ms MarkObjects: 1.382000 ms  DeleteObjects: 0.055200 ms)

========================================================================
Received Import Request.
  path: Assets/Textures/Menu Button.png
  artifactKey: Guid(8eb380933989d3946a10bfef7aede2ca) Importer(815301076,1909f56bfc062723c751e8b465ee728b)
Start importing Assets/Textures/Menu Button.png using Guid(8eb380933989d3946a10bfef7aede2ca) Importer(815301076,1909f56bfc062723c751e8b465ee728b)  -> (artifact id: '530e38c4e7dc29072736987a8edf9bbe') in 0.374244 seconds
  Import took 0.377954 seconds .

========================================================================
Received Import Request.
  Time since last request: 13.171432 seconds.
  path: Assets/Textures/PopupSprite.png
  artifactKey: Guid(e235dd5650360574fb328ee387d94ca5) Importer(815301076,1909f56bfc062723c751e8b465ee728b)
Start importing Assets/Textures/PopupSprite.png using Guid(e235dd5650360574fb328ee387d94ca5) Importer(815301076,1909f56bfc062723c751e8b465ee728b)  -> (artifact id: 'bd30a714393df28387d0ad5eeb09dc88') in 0.056921 seconds
  Import took 0.060411 seconds .

========================================================================
Received Import Request.
  Time since last request: 41.797460 seconds.
  path: Assets/Textures/but.png
  artifactKey: Guid(760e24e0345e17942ac83156a6368ea3) Importer(815301076,1909f56bfc062723c751e8b465ee728b)
Start importing Assets/Textures/but.png using Guid(760e24e0345e17942ac83156a6368ea3) Importer(815301076,1909f56bfc062723c751e8b465ee728b)  -> (artifact id: 'd54bbd8d4006aeb42e63a9136f827467') in 0.017878 seconds
  Import took 0.021331 seconds .

========================================================================
Received Import Request.
  Time since last request: 4.384101 seconds.
  path: Assets/Textures/but.png
  artifactKey: Guid(760e24e0345e17942ac83156a6368ea3) Importer(815301076,1909f56bfc062723c751e8b465ee728b)
Start importing Assets/Textures/but.png using Guid(760e24e0345e17942ac83156a6368ea3) Importer(815301076,1909f56bfc062723c751e8b465ee728b)  -> (artifact id: '258ed5d771e17ccfb1f34eb0ec624c39') in 0.022605 seconds
  Import took 0.030405 seconds .

========================================================================
Received Import Request.
  Time since last request: 6.996309 seconds.
  path: Assets/Textures/PopupButton.png
  artifactKey: Guid(760e24e0345e17942ac83156a6368ea3) Importer(815301076,1909f56bfc062723c751e8b465ee728b)
Start importing Assets/Textures/PopupButton.png using Guid(760e24e0345e17942ac83156a6368ea3) Importer(815301076,1909f56bfc062723c751e8b465ee728b)  -> (artifact id: 'c06537e0ca2e45f044df590d4055ef04') in 0.023957 seconds
  Import took 0.026688 seconds .

========================================================================
Received Import Request.
  Time since last request: 70.621753 seconds.
  path: Assets/Prefabs/Canvases/Key Canvas.prefab
  artifactKey: Guid(c4320c93ba6151a4d9cc8c2fbfbf59f9) Importer(815301076,1909f56bfc062723c751e8b465ee728b)
Start importing Assets/Prefabs/Canvases/Key Canvas.prefab using Guid(c4320c93ba6151a4d9cc8c2fbfbf59f9) Importer(815301076,1909f56bfc062723c751e8b465ee728b)  -> (artifact id: '66bc41f23c33b4344010286f1e9fd133') in 0.115570 seconds
  Import took 0.119865 seconds .

========================================================================
Received Import Request.
  Time since last request: 22.420528 seconds.
  path: Assets/Prefabs/Canvases/Door Without Key Canvas.prefab
  artifactKey: Guid(dc2eca2270ac33b4d809f80c0c9815c5) Importer(815301076,1909f56bfc062723c751e8b465ee728b)
Start importing Assets/Prefabs/Canvases/Door Without Key Canvas.prefab using Guid(dc2eca2270ac33b4d809f80c0c9815c5) Importer(815301076,1909f56bfc062723c751e8b465ee728b)  -> (artifact id: '4f89b0538b46500e5e3382fd591cc5ee') in 0.055533 seconds
  Import took 0.058923 seconds .

========================================================================
Received Import Request.
  Time since last request: 41.447834 seconds.
  path: Assets/Prefabs/Canvases/Door With Key Canvas.prefab
  artifactKey: Guid(32a3b72aec20b1642b901b9bd8b09e5a) Importer(815301076,1909f56bfc062723c751e8b465ee728b)
Start importing Assets/Prefabs/Canvases/Door With Key Canvas.prefab using Guid(32a3b72aec20b1642b901b9bd8b09e5a) Importer(815301076,1909f56bfc062723c751e8b465ee728b)  -> (artifact id: '6c0c641103678b0b63acfd83dbfeca3c') in 0.038678 seconds
  Import took 0.045494 seconds .

========================================================================
Received Prepare
Registering precompiled user dll's ...
Registered in 0.000675 seconds.
Begin MonoManager ReloadAssembly
Native extension for WindowsStandalone target not found
Refreshing native plugins compatible for Editor in 0.72 ms, found 0 plugins.
Preloading 0 native plugins for Editor in 0.00 ms.
Mono: successfully reloaded assembly
- Completed reload, in  1.134 seconds
Platform modules already initialized, skipping
Refreshing native plugins compatible for Editor in 0.44 ms, found 0 plugins.
Preloading 0 native plugins for Editor in 0.00 ms.
Unloading 1156 Unused Serialized files (Serialized files now loaded: 0)
System memory in use before: 62.7 MB.
System memory in use after: 62.8 MB.

Unloading 4 unused Assets to reduce memory usage. Loaded Objects now: 1626.
Total: 2.857900 ms (FindLiveObjects: 0.777500 ms CreateObjectMapping: 0.275200 ms MarkObjects: 1.778200 ms  DeleteObjects: 0.021500 ms)

========================================================================
Received Prepare
Registering precompiled user dll's ...
Registered in 0.001157 seconds.
Begin MonoManager ReloadAssembly
Native extension for WindowsStandalone target not found
Refreshing native plugins compatible for Editor in 0.25 ms, found 0 plugins.
Preloading 0 native plugins for Editor in 0.00 ms.
Mono: successfully reloaded assembly
- Completed reload, in  0.816 seconds
Platform modules already initialized, skipping
Refreshing native plugins compatible for Editor in 0.21 ms, found 0 plugins.
Preloading 0 native plugins for Editor in 0.00 ms.
Unloading 1156 Unused Serialized files (Serialized files now loaded: 0)
System memory in use before: 62.7 MB.
System memory in use after: 62.8 MB.

Unloading 4 unused Assets to reduce memory usage. Loaded Objects now: 1629.
Total: 1.920900 ms (FindLiveObjects: 0.186600 ms CreateObjectMapping: 0.048200 ms MarkObjects: 1.657700 ms  DeleteObjects: 0.025900 ms)

========================================================================
Received Prepare
Refreshing native plugins compatible for Editor in 1.81 ms, found 0 plugins.
Preloading 0 native plugins for Editor in 0.00 ms.
Unloading 3 Unused Serialized files (Serialized files now loaded: 0)
System memory in use before: 39.8 MB.
System memory in use after: 39.9 MB.

Unloading 2 unused Assets to reduce memory usage. Loaded Objects now: 1629.
Total: 3.468200 ms (FindLiveObjects: 0.188100 ms CreateObjectMapping: 0.043400 ms MarkObjects: 3.202500 ms  DeleteObjects: 0.031600 ms)

========================================================================
Received Import Request.
  Time since last request: 595.975684 seconds.
  path: Assets/SFX/Popup.wav
  artifactKey: Guid(9ca2eaf1a93cf8944a195ec59b582b52) Importer(815301076,1909f56bfc062723c751e8b465ee728b)
Start importing Assets/SFX/Popup.wav using Guid(9ca2eaf1a93cf8944a195ec59b582b52) Importer(815301076,1909f56bfc062723c751e8b465ee728b)  -> (artifact id: '7fca95dd9955a07f33078f67f53fda1c') in 0.132755 seconds
  Import took 0.136074 seconds .

========================================================================
Received Import Request.
  Time since last request: 112.985885 seconds.
  path: Assets/Scripts/InteractableObject.cs
  artifactKey: Guid(68f8c17261ff8754fbfee66f083fd8c0) Importer(815301076,1909f56bfc062723c751e8b465ee728b)
Start importing Assets/Scripts/InteractableObject.cs using Guid(68f8c17261ff8754fbfee66f083fd8c0) Importer(815301076,1909f56bfc062723c751e8b465ee728b)  -> (artifact id: '06eae23d69ed5da9c0311f402109ab39') in 0.033700 seconds
  Import took 0.039685 seconds .

========================================================================
Received Prepare
Registering precompiled user dll's ...
Registered in 0.001138 seconds.
Begin MonoManager ReloadAssembly
Native extension for WindowsStandalone target not found
Refreshing native plugins compatible for Editor in 0.29 ms, found 0 plugins.
Preloading 0 native plugins for Editor in 0.00 ms.
Mono: successfully reloaded assembly
- Completed reload, in  1.220 seconds
Platform modules already initialized, skipping
Refreshing native plugins compatible for Editor in 0.21 ms, found 0 plugins.
Preloading 0 native plugins for Editor in 0.00 ms.
Unloading 1156 Unused Serialized files (Serialized files now loaded: 0)
System memory in use before: 62.8 MB.
System memory in use after: 62.9 MB.

Unloading 4 unused Assets to reduce memory usage. Loaded Objects now: 1638.
Total: 48.502000 ms (FindLiveObjects: 0.508400 ms CreateObjectMapping: 0.045100 ms MarkObjects: 47.925700 ms  DeleteObjects: 0.017200 ms)

========================================================================
Received Prepare
Registering precompiled user dll's ...
Registered in 0.000644 seconds.
Begin MonoManager ReloadAssembly
Native extension for WindowsStandalone target not found
Refreshing native plugins compatible for Editor in 0.23 ms, found 0 plugins.
Preloading 0 native plugins for Editor in 0.00 ms.
Mono: successfully reloaded assembly
- Completed reload, in  0.853 seconds
Platform modules already initialized, skipping
Refreshing native plugins compatible for Editor in 0.20 ms, found 0 plugins.
Preloading 0 native plugins for Editor in 0.00 ms.
Unloading 1156 Unused Serialized files (Serialized files now loaded: 0)
System memory in use before: 62.8 MB.
System memory in use after: 62.9 MB.

Unloading 4 unused Assets to reduce memory usage. Loaded Objects now: 1641.
Total: 1.535400 ms (FindLiveObjects: 0.144800 ms CreateObjectMapping: 0.040200 ms MarkObjects: 1.337100 ms  DeleteObjects: 0.012300 ms)

========================================================================
Received Prepare
Registering precompiled user dll's ...
Registered in 0.000641 seconds.
Begin MonoManager ReloadAssembly
Native extension for WindowsStandalone target not found
Refreshing native plugins compatible for Editor in 0.21 ms, found 0 plugins.
Preloading 0 native plugins for Editor in 0.00 ms.
Mono: successfully reloaded assembly
- Completed reload, in  0.789 seconds
Platform modules already initialized, skipping
Refreshing native plugins compatible for Editor in 0.20 ms, found 0 plugins.
Preloading 0 native plugins for Editor in 0.00 ms.
Unloading 1156 Unused Serialized files (Serialized files now loaded: 0)
System memory in use before: 62.8 MB.
System memory in use after: 62.9 MB.

Unloading 4 unused Assets to reduce memory usage. Loaded Objects now: 1644.
Total: 1.783000 ms (FindLiveObjects: 0.169600 ms CreateObjectMapping: 0.033100 ms MarkObjects: 1.566300 ms  DeleteObjects: 0.012700 ms)

========================================================================
Received Import Request.
  Time since last request: 478.815777 seconds.
  path: Assets/Prefabs/Canvases/Chest Canvas.prefab
  artifactKey: Guid(40e9a190cfdac8f4589a39f3b4e1352b) Importer(815301076,1909f56bfc062723c751e8b465ee728b)
Start importing Assets/Prefabs/Canvases/Chest Canvas.prefab using Guid(40e9a190cfdac8f4589a39f3b4e1352b) Importer(815301076,1909f56bfc062723c751e8b465ee728b)  -> (artifact id: 'd74e1e21bdb649e327fe2f748d63d453') in 0.300391 seconds
  Import took 0.303930 seconds .

========================================================================
Received Import Request.
  Time since last request: 31.002262 seconds.
  path: Assets/Prefabs/Chest with Key.prefab
  artifactKey: Guid(c081045f059345445affdf9ec1b71f6e) Importer(815301076,1909f56bfc062723c751e8b465ee728b)
Start importing Assets/Prefabs/Chest with Key.prefab using Guid(c081045f059345445affdf9ec1b71f6e) Importer(815301076,1909f56bfc062723c751e8b465ee728b)  -> (artifact id: 'f6524d38246793e1c726c1d2f6d79a3b') in 0.431085 seconds
  Import took 0.435642 seconds .

========================================================================
Received Import Request.
  Time since last request: 0.000327 seconds.
  path: Assets/Prefabs/Chest.prefab
  artifactKey: Guid(c821f3d11e1160b49856af171dbaef99) Importer(815301076,1909f56bfc062723c751e8b465ee728b)
Start importing Assets/Prefabs/Chest.prefab using Guid(c821f3d11e1160b49856af171dbaef99) Importer(815301076,1909f56bfc062723c751e8b465ee728b)  -> (artifact id: 'aa1c206200bc4136a22cc6b8e728bf75') in 0.016326 seconds
  Import took 0.019825 seconds .

========================================================================
Received Import Request.
  Time since last request: 4.492606 seconds.
  path: Assets/Prefabs/Chest with Key.prefab
  artifactKey: Guid(c081045f059345445affdf9ec1b71f6e) Importer(815301076,1909f56bfc062723c751e8b465ee728b)
Start importing Assets/Prefabs/Chest with Key.prefab using Guid(c081045f059345445affdf9ec1b71f6e) Importer(815301076,1909f56bfc062723c751e8b465ee728b)  -> (artifact id: '43b45b6c137b7193c18031e614c0458d') in 0.046257 seconds
  Import took 0.051790 seconds .

========================================================================
Received Import Request.
  Time since last request: 0.000371 seconds.
  path: Assets/Prefabs/Chest.prefab
  artifactKey: Guid(c821f3d11e1160b49856af171dbaef99) Importer(815301076,1909f56bfc062723c751e8b465ee728b)
Start importing Assets/Prefabs/Chest.prefab using Guid(c821f3d11e1160b49856af171dbaef99) Importer(815301076,1909f56bfc062723c751e8b465ee728b)  -> (artifact id: 'a464a82fe8cfe535d06f576425484fd2') in 0.013498 seconds
  Import took 0.018420 seconds .

========================================================================
Received Import Request.
  Time since last request: 1.720881 seconds.
  path: Assets/Prefabs/Chest with Key.prefab
  artifactKey: Guid(c081045f059345445affdf9ec1b71f6e) Importer(815301076,1909f56bfc062723c751e8b465ee728b)
Start importing Assets/Prefabs/Chest with Key.prefab using Guid(c081045f059345445affdf9ec1b71f6e) Importer(815301076,1909f56bfc062723c751e8b465ee728b)  -> (artifact id: '0844c8cbf66f7ea8b62e049dd11a2501') in 0.042854 seconds
  Import took 0.049357 seconds .

========================================================================
Received Import Request.
  Time since last request: 0.000316 seconds.
  path: Assets/Prefabs/Chest.prefab
  artifactKey: Guid(c821f3d11e1160b49856af171dbaef99) Importer(815301076,1909f56bfc062723c751e8b465ee728b)
Start importing Assets/Prefabs/Chest.prefab using Guid(c821f3d11e1160b49856af171dbaef99) Importer(815301076,1909f56bfc062723c751e8b465ee728b)  -> (artifact id: '5f03c3f743632a8dae6de4418ede7474') in 0.010815 seconds
  Import took 0.016123 seconds .

========================================================================
Received Import Request.
  Time since last request: 3.166491 seconds.
  path: Assets/Prefabs/Chest with Key.prefab
  artifactKey: Guid(c081045f059345445affdf9ec1b71f6e) Importer(815301076,1909f56bfc062723c751e8b465ee728b)
Start importing Assets/Prefabs/Chest with Key.prefab using Guid(c081045f059345445affdf9ec1b71f6e) Importer(815301076,1909f56bfc062723c751e8b465ee728b)  -> (artifact id: 'd00d79283429b353531102548dd39380') in 0.049925 seconds
  Import took 0.055503 seconds .

========================================================================
Received Import Request.
  Time since last request: 0.000325 seconds.
  path: Assets/Prefabs/Chest.prefab
  artifactKey: Guid(c821f3d11e1160b49856af171dbaef99) Importer(815301076,1909f56bfc062723c751e8b465ee728b)
Start importing Assets/Prefabs/Chest.prefab using Guid(c821f3d11e1160b49856af171dbaef99) Importer(815301076,1909f56bfc062723c751e8b465ee728b)  -> (artifact id: 'e989629c8a7eaa8ccdf6080f7d6f8936') in 0.011600 seconds
  Import took 0.015243 seconds .

========================================================================
Received Import Request.
  Time since last request: 2.338569 seconds.
  path: Assets/Prefabs/Chest with Key.prefab
  artifactKey: Guid(c081045f059345445affdf9ec1b71f6e) Importer(815301076,1909f56bfc062723c751e8b465ee728b)
Start importing Assets/Prefabs/Chest with Key.prefab using Guid(c081045f059345445affdf9ec1b71f6e) Importer(815301076,1909f56bfc062723c751e8b465ee728b)  -> (artifact id: '91cf0a70e86add4a27ae929384877129') in 0.043885 seconds
  Import took 0.048410 seconds .

========================================================================
Received Import Request.
  Time since last request: 0.000343 seconds.
  path: Assets/Prefabs/Chest.prefab
  artifactKey: Guid(c821f3d11e1160b49856af171dbaef99) Importer(815301076,1909f56bfc062723c751e8b465ee728b)
Start importing Assets/Prefabs/Chest.prefab using Guid(c821f3d11e1160b49856af171dbaef99) Importer(815301076,1909f56bfc062723c751e8b465ee728b)  -> (artifact id: '2fb9d7636fee4f46d324b007cee695b1') in 0.012437 seconds
  Import took 0.015884 seconds .

========================================================================
Received Import Request.
  Time since last request: 1.546761 seconds.
  path: Assets/Prefabs/Chest with Key.prefab
  artifactKey: Guid(c081045f059345445affdf9ec1b71f6e) Importer(815301076,1909f56bfc062723c751e8b465ee728b)
Start importing Assets/Prefabs/Chest with Key.prefab using Guid(c081045f059345445affdf9ec1b71f6e) Importer(815301076,1909f56bfc062723c751e8b465ee728b)  -> (artifact id: '641e00f09f30a5d24bb9d427e198b058') in 0.043879 seconds
  Import took 0.048457 seconds .

========================================================================
Received Import Request.
  Time since last request: 0.000268 seconds.
  path: Assets/Prefabs/Chest.prefab
  artifactKey: Guid(c821f3d11e1160b49856af171dbaef99) Importer(815301076,1909f56bfc062723c751e8b465ee728b)
Start importing Assets/Prefabs/Chest.prefab using Guid(c821f3d11e1160b49856af171dbaef99) Importer(815301076,1909f56bfc062723c751e8b465ee728b)  -> (artifact id: '950aa104d1e76cb19c5b380e352778a9') in 0.010280 seconds
  Import took 0.014400 seconds .

========================================================================
Received Import Request.
  Time since last request: 8.822441 seconds.
  path: Assets/Prefabs/Chest with Key.prefab
  artifactKey: Guid(c081045f059345445affdf9ec1b71f6e) Importer(815301076,1909f56bfc062723c751e8b465ee728b)
Start importing Assets/Prefabs/Chest with Key.prefab using Guid(c081045f059345445affdf9ec1b71f6e) Importer(815301076,1909f56bfc062723c751e8b465ee728b)  -> (artifact id: '83413d77dc05fd6d1ac536ad2febf107') in 0.037850 seconds
  Import took 0.041513 seconds .

========================================================================
Received Import Request.
  Time since last request: 0.000259 seconds.
  path: Assets/Prefabs/Chest.prefab
  artifactKey: Guid(c821f3d11e1160b49856af171dbaef99) Importer(815301076,1909f56bfc062723c751e8b465ee728b)
Start importing Assets/Prefabs/Chest.prefab using Guid(c821f3d11e1160b49856af171dbaef99) Importer(815301076,1909f56bfc062723c751e8b465ee728b)  -> (artifact id: '162f04f5a087112e1ea0b1502e8a7b47') in 0.007987 seconds
  Import took 0.011265 seconds .

========================================================================
Received Import Request.
  Time since last request: 1.959697 seconds.
  path: Assets/Prefabs/Chest with Key.prefab
  artifactKey: Guid(c081045f059345445affdf9ec1b71f6e) Importer(815301076,1909f56bfc062723c751e8b465ee728b)
Start importing Assets/Prefabs/Chest with Key.prefab using Guid(c081045f059345445affdf9ec1b71f6e) Importer(815301076,1909f56bfc062723c751e8b465ee728b)  -> (artifact id: '7dd20c2adc9493a1d21eaa27694d96c4') in 0.041169 seconds
  Import took 0.044910 seconds .

========================================================================
Received Import Request.
  Time since last request: 0.000423 seconds.
  path: Assets/Prefabs/Chest.prefab
  artifactKey: Guid(c821f3d11e1160b49856af171dbaef99) Importer(815301076,1909f56bfc062723c751e8b465ee728b)
Start importing Assets/Prefabs/Chest.prefab using Guid(c821f3d11e1160b49856af171dbaef99) Importer(815301076,1909f56bfc062723c751e8b465ee728b)  -> (artifact id: '2070be69b4daecbcc872c49f0d405b67') in 0.010430 seconds
  Import took 0.013373 seconds .

========================================================================
Received Import Request.
  Time since last request: 0.959904 seconds.
  path: Assets/Prefabs/Chest with Key.prefab
  artifactKey: Guid(c081045f059345445affdf9ec1b71f6e) Importer(815301076,1909f56bfc062723c751e8b465ee728b)
Start importing Assets/Prefabs/Chest with Key.prefab using Guid(c081045f059345445affdf9ec1b71f6e) Importer(815301076,1909f56bfc062723c751e8b465ee728b)  -> (artifact id: 'bcc49f04026c06ad31f6e79b17f8a857') in 0.042579 seconds
  Import took 0.048155 seconds .

========================================================================
Received Import Request.
  Time since last request: 0.000320 seconds.
  path: Assets/Prefabs/Chest.prefab
  artifactKey: Guid(c821f3d11e1160b49856af171dbaef99) Importer(815301076,1909f56bfc062723c751e8b465ee728b)
Start importing Assets/Prefabs/Chest.prefab using Guid(c821f3d11e1160b49856af171dbaef99) Importer(815301076,1909f56bfc062723c751e8b465ee728b)  -> (artifact id: '55213a1404dc8809aa3f2f4acc701738') in 0.011943 seconds
  Import took 0.014249 seconds .

========================================================================
Received Import Request.
  Time since last request: 2.348966 seconds.
  path: Assets/Prefabs/Chest with Key.prefab
  artifactKey: Guid(c081045f059345445affdf9ec1b71f6e) Importer(815301076,1909f56bfc062723c751e8b465ee728b)
Start importing Assets/Prefabs/Chest with Key.prefab using Guid(c081045f059345445affdf9ec1b71f6e) Importer(815301076,1909f56bfc062723c751e8b465ee728b)  -> (artifact id: '7391a4f596ac9cecd775da41a2356280') in 0.036688 seconds
  Import took 0.040813 seconds .

========================================================================
Received Import Request.
  Time since last request: 0.000270 seconds.
  path: Assets/Prefabs/Chest.prefab
  artifactKey: Guid(c821f3d11e1160b49856af171dbaef99) Importer(815301076,1909f56bfc062723c751e8b465ee728b)
Start importing Assets/Prefabs/Chest.prefab using Guid(c821f3d11e1160b49856af171dbaef99) Importer(815301076,1909f56bfc062723c751e8b465ee728b)  -> (artifact id: '040a0257275f750b72b3fc73897935f3') in 0.007998 seconds
  Import took 0.011286 seconds .

========================================================================
Received Import Request.
  Time since last request: 2.170717 seconds.
  path: Assets/Prefabs/Chest with Key.prefab
  artifactKey: Guid(c081045f059345445affdf9ec1b71f6e) Importer(815301076,1909f56bfc062723c751e8b465ee728b)
Start importing Assets/Prefabs/Chest with Key.prefab using Guid(c081045f059345445affdf9ec1b71f6e) Importer(815301076,1909f56bfc062723c751e8b465ee728b)  -> (artifact id: '03923ac61cf4dead34f1e3ba824284a1') in 0.046041 seconds
  Import took 0.051088 seconds .

========================================================================
Received Import Request.
  Time since last request: 0.000318 seconds.
  path: Assets/Prefabs/Chest.prefab
  artifactKey: Guid(c821f3d11e1160b49856af171dbaef99) Importer(815301076,1909f56bfc062723c751e8b465ee728b)
Start importing Assets/Prefabs/Chest.prefab using Guid(c821f3d11e1160b49856af171dbaef99) Importer(815301076,1909f56bfc062723c751e8b465ee728b)  -> (artifact id: '97709145951667cdbe2b3eace70dbe0d') in 0.009689 seconds
  Import took 0.012403 seconds .

========================================================================
Received Import Request.
  Time since last request: 13.042677 seconds.
  path: Assets/Prefabs/Chest with Key.prefab
  artifactKey: Guid(c081045f059345445affdf9ec1b71f6e) Importer(815301076,1909f56bfc062723c751e8b465ee728b)
Start importing Assets/Prefabs/Chest with Key.prefab using Guid(c081045f059345445affdf9ec1b71f6e) Importer(815301076,1909f56bfc062723c751e8b465ee728b)  -> (artifact id: '32f5f3f57a6acd66cabfa28267489a31') in 0.037459 seconds
  Import took 0.040695 seconds .

========================================================================
Received Import Request.
  Time since last request: 0.000238 seconds.
  path: Assets/Prefabs/Chest.prefab
  artifactKey: Guid(c821f3d11e1160b49856af171dbaef99) Importer(815301076,1909f56bfc062723c751e8b465ee728b)
Start importing Assets/Prefabs/Chest.prefab using Guid(c821f3d11e1160b49856af171dbaef99) Importer(815301076,1909f56bfc062723c751e8b465ee728b)  -> (artifact id: 'c16d474456dab3295819790e18c2acda') in 0.008869 seconds
  Import took 0.011310 seconds .

========================================================================
Received Import Request.
  Time since last request: 4.808194 seconds.
  path: Assets/Prefabs/Chest with Key.prefab
  artifactKey: Guid(c081045f059345445affdf9ec1b71f6e) Importer(815301076,1909f56bfc062723c751e8b465ee728b)
Start importing Assets/Prefabs/Chest with Key.prefab using Guid(c081045f059345445affdf9ec1b71f6e) Importer(815301076,1909f56bfc062723c751e8b465ee728b)  -> (artifact id: '5c898b243100efd048d4d16f9730edd1') in 0.044485 seconds
  Import took 0.047913 seconds .

========================================================================
Received Import Request.
  Time since last request: 0.000188 seconds.
  path: Assets/Prefabs/Chest.prefab
  artifactKey: Guid(c821f3d11e1160b49856af171dbaef99) Importer(815301076,1909f56bfc062723c751e8b465ee728b)
Start importing Assets/Prefabs/Chest.prefab using Guid(c821f3d11e1160b49856af171dbaef99) Importer(815301076,1909f56bfc062723c751e8b465ee728b)  -> (artifact id: '6a392c94ceddb6ff0686cfa47ccc0db1') in 0.008843 seconds
  Import took 0.015520 seconds .

========================================================================
Received Prepare
Registering precompiled user dll's ...
Registered in 0.000873 seconds.
Begin MonoManager ReloadAssembly
Native extension for WindowsStandalone target not found
Refreshing native plugins compatible for Editor in 0.21 ms, found 0 plugins.
Preloading 0 native plugins for Editor in 0.00 ms.
Mono: successfully reloaded assembly
- Completed reload, in  0.739 seconds
Platform modules already initialized, skipping
Refreshing native plugins compatible for Editor in 0.21 ms, found 0 plugins.
Preloading 0 native plugins for Editor in 0.00 ms.
Unloading 1156 Unused Serialized files (Serialized files now loaded: 0)
System memory in use before: 63.0 MB.
System memory in use after: 63.0 MB.

Unloading 6 unused Assets to reduce memory usage. Loaded Objects now: 1648.
Total: 2.512000 ms (FindLiveObjects: 0.243600 ms CreateObjectMapping: 0.063900 ms MarkObjects: 2.159400 ms  DeleteObjects: 0.043400 ms)

========================================================================
Received Prepare
Registering precompiled user dll's ...
Registered in 0.000788 seconds.
Begin MonoManager ReloadAssembly
Native extension for WindowsStandalone target not found
Refreshing native plugins compatible for Editor in 0.20 ms, found 0 plugins.
Preloading 0 native plugins for Editor in 0.00 ms.
Mono: successfully reloaded assembly
- Completed reload, in  0.789 seconds
Platform modules already initialized, skipping
Refreshing native plugins compatible for Editor in 0.25 ms, found 0 plugins.
Preloading 0 native plugins for Editor in 0.00 ms.
Unloading 1156 Unused Serialized files (Serialized files now loaded: 0)
System memory in use before: 63.0 MB.
System memory in use after: 63.0 MB.

Unloading 4 unused Assets to reduce memory usage. Loaded Objects now: 1651.
Total: 3.948800 ms (FindLiveObjects: 0.287600 ms CreateObjectMapping: 0.065000 ms MarkObjects: 3.578000 ms  DeleteObjects: 0.016300 ms)

========================================================================
Received Prepare
Registering precompiled user dll's ...
Registered in 0.000702 seconds.
Begin MonoManager ReloadAssembly
Native extension for WindowsStandalone target not found
Refreshing native plugins compatible for Editor in 0.21 ms, found 0 plugins.
Preloading 0 native plugins for Editor in 0.00 ms.
Mono: successfully reloaded assembly
- Completed reload, in  0.789 seconds
Platform modules already initialized, skipping
Refreshing native plugins compatible for Editor in 0.20 ms, found 0 plugins.
Preloading 0 native plugins for Editor in 0.00 ms.
Unloading 1156 Unused Serialized files (Serialized files now loaded: 0)
System memory in use before: 63.0 MB.
System memory in use after: 63.1 MB.

Unloading 4 unused Assets to reduce memory usage. Loaded Objects now: 1654.
Total: 1.551000 ms (FindLiveObjects: 0.139100 ms CreateObjectMapping: 0.037200 ms MarkObjects: 1.359900 ms  DeleteObjects: 0.013700 ms)

========================================================================
Received Import Request.
  Time since last request: 232.942448 seconds.
  path: Assets/Scripts/Managers/AudioSetup.cs
  artifactKey: Guid(37c9077867df3034e819756fce0567a9) Importer(815301076,1909f56bfc062723c751e8b465ee728b)
Start importing Assets/Scripts/Managers/AudioSetup.cs using Guid(37c9077867df3034e819756fce0567a9) Importer(815301076,1909f56bfc062723c751e8b465ee728b)  -> (artifact id: '80d7686647b2be0d342ed05d5983849e') in 0.012009 seconds
  Import took 0.014549 seconds .

========================================================================
Received Prepare
Registering precompiled user dll's ...
Registered in 0.001053 seconds.
Begin MonoManager ReloadAssembly
Native extension for WindowsStandalone target not found
Refreshing native plugins compatible for Editor in 0.20 ms, found 0 plugins.
Preloading 0 native plugins for Editor in 0.00 ms.
Mono: successfully reloaded assembly
- Completed reload, in  0.757 seconds
Platform modules already initialized, skipping
Refreshing native plugins compatible for Editor in 0.21 ms, found 0 plugins.
Preloading 0 native plugins for Editor in 0.00 ms.
Unloading 1156 Unused Serialized files (Serialized files now loaded: 0)
System memory in use before: 63.0 MB.
System memory in use after: 63.1 MB.

Unloading 4 unused Assets to reduce memory usage. Loaded Objects now: 1657.
Total: 1.879600 ms (FindLiveObjects: 0.291500 ms CreateObjectMapping: 0.089200 ms MarkObjects: 1.478700 ms  DeleteObjects: 0.017200 ms)

========================================================================
Received Import Request.
  Time since last request: 554.095662 seconds.
  path: Assets/Scripts/Managers/GameManager.cs
  artifactKey: Guid(fcc85d88ba3580c43a95cc31505a9449) Importer(815301076,1909f56bfc062723c751e8b465ee728b)
Start importing Assets/Scripts/Managers/GameManager.cs using Guid(fcc85d88ba3580c43a95cc31505a9449) Importer(815301076,1909f56bfc062723c751e8b465ee728b)  -> (artifact id: '33baac003c98fee1359edc27aff1de89') in 0.007510 seconds
  Import took 0.009786 seconds .

========================================================================
Received Prepare
Registering precompiled user dll's ...
Registered in 0.000673 seconds.
Begin MonoManager ReloadAssembly
Native extension for WindowsStandalone target not found
Refreshing native plugins compatible for Editor in 0.21 ms, found 0 plugins.
Preloading 0 native plugins for Editor in 0.00 ms.
Mono: successfully reloaded assembly
- Completed reload, in  0.744 seconds
Platform modules already initialized, skipping
Refreshing native plugins compatible for Editor in 0.22 ms, found 0 plugins.
Preloading 0 native plugins for Editor in 0.00 ms.
Unloading 1156 Unused Serialized files (Serialized files now loaded: 0)
System memory in use before: 63.0 MB.
System memory in use after: 63.1 MB.

Unloading 4 unused Assets to reduce memory usage. Loaded Objects now: 1660.
Total: 1.604500 ms (FindLiveObjects: 0.165400 ms CreateObjectMapping: 0.035600 ms MarkObjects: 1.389500 ms  DeleteObjects: 0.012600 ms)

========================================================================
Received Import Request.
  Time since last request: 177.158028 seconds.
  path: Assets/Scripts/InteractableObject.cs
  artifactKey: Guid(68f8c17261ff8754fbfee66f083fd8c0) Importer(815301076,1909f56bfc062723c751e8b465ee728b)
Start importing Assets/Scripts/InteractableObject.cs using Guid(68f8c17261ff8754fbfee66f083fd8c0) Importer(815301076,1909f56bfc062723c751e8b465ee728b)  -> (artifact id: '4b92c71afc28e0c75e80453d47dd0bde') in 0.007936 seconds
  Import took 0.010356 seconds .

========================================================================
Received Import Request.
  Time since last request: 0.002794 seconds.
  path: Assets/Scripts/InteractableObject.cs
  artifactKey: Guid(68f8c17261ff8754fbfee66f083fd8c0) Importer(815301076,1909f56bfc062723c751e8b465ee728b)
Start importing Assets/Scripts/InteractableObject.cs using Guid(68f8c17261ff8754fbfee66f083fd8c0) Importer(815301076,1909f56bfc062723c751e8b465ee728b)  -> (artifact id: '4b92c71afc28e0c75e80453d47dd0bde') in 0.002491 seconds
  Import took 0.035714 seconds .

========================================================================
Received Prepare
Registering precompiled user dll's ...
Registered in 0.000667 seconds.
Begin MonoManager ReloadAssembly
Native extension for WindowsStandalone target not found
Refreshing native plugins compatible for Editor in 0.20 ms, found 0 plugins.
Preloading 0 native plugins for Editor in 0.00 ms.
Mono: successfully reloaded assembly
- Completed reload, in  0.870 seconds
Platform modules already initialized, skipping
Refreshing native plugins compatible for Editor in 0.34 ms, found 0 plugins.
Preloading 0 native plugins for Editor in 0.00 ms.
Unloading 1156 Unused Serialized files (Serialized files now loaded: 0)
System memory in use before: 63.0 MB.
System memory in use after: 63.1 MB.

Unloading 4 unused Assets to reduce memory usage. Loaded Objects now: 1663.
Total: 3.219700 ms (FindLiveObjects: 0.320400 ms CreateObjectMapping: 0.087200 ms MarkObjects: 2.782000 ms  DeleteObjects: 0.027300 ms)

========================================================================
Received Prepare
Refreshing native plugins compatible for Editor in 0.71 ms, found 0 plugins.
Preloading 0 native plugins for Editor in 0.00 ms.
Unloading 3 Unused Serialized files (Serialized files now loaded: 0)
System memory in use before: 40.1 MB.
System memory in use after: 40.2 MB.

Unloading 2 unused Assets to reduce memory usage. Loaded Objects now: 1663.
Total: 1.915900 ms (FindLiveObjects: 0.273100 ms CreateObjectMapping: 0.085500 ms MarkObjects: 1.541400 ms  DeleteObjects: 0.014600 ms)

========================================================================
Received Prepare
Registering precompiled user dll's ...
Registered in 0.001713 seconds.
Begin MonoManager ReloadAssembly
Native extension for WindowsStandalone target not found
Refreshing native plugins compatible for Editor in 0.20 ms, found 0 plugins.
Preloading 0 native plugins for Editor in 0.00 ms.
Mono: successfully reloaded assembly
- Completed reload, in  0.988 seconds
Platform modules already initialized, skipping
Refreshing native plugins compatible for Editor in 0.22 ms, found 0 plugins.
Preloading 0 native plugins for Editor in 0.00 ms.
Unloading 1156 Unused Serialized files (Serialized files now loaded: 0)
System memory in use before: 63.0 MB.
System memory in use after: 63.1 MB.

Unloading 4 unused Assets to reduce memory usage. Loaded Objects now: 1666.
Total: 1.935400 ms (FindLiveObjects: 0.266000 ms CreateObjectMapping: 0.085200 ms MarkObjects: 1.566600 ms  DeleteObjects: 0.016400 ms)

========================================================================
Received Import Request.
  Time since last request: 754.588336 seconds.
  path: Assets/Scripts/Managers/AudioSetup.cs
  artifactKey: Guid(37c9077867df3034e819756fce0567a9) Importer(815301076,1909f56bfc062723c751e8b465ee728b)
Start importing Assets/Scripts/Managers/AudioSetup.cs using Guid(37c9077867df3034e819756fce0567a9) Importer(815301076,1909f56bfc062723c751e8b465ee728b)  -> (artifact id: '15ff72479d5c28e0c79cf8a19563dc76') in 0.008440 seconds
  Import took 0.011121 seconds .

========================================================================
Received Import Request.
  Time since last request: 7.465371 seconds.
  path: Assets/Scripts/Managers/AudioManager.cs
  artifactKey: Guid(37c9077867df3034e819756fce0567a9) Importer(815301076,1909f56bfc062723c751e8b465ee728b)
Start importing Assets/Scripts/Managers/AudioManager.cs using Guid(37c9077867df3034e819756fce0567a9) Importer(815301076,1909f56bfc062723c751e8b465ee728b)  -> (artifact id: '200fa09f9495fe464b685c063b403530') in 0.010223 seconds
  Import took 0.016986 seconds .

========================================================================
Received Import Request.
  Time since last request: 0.006154 seconds.
  path: Assets/Scripts/Managers/AudioManager.cs
  artifactKey: Guid(37c9077867df3034e819756fce0567a9) Importer(815301076,1909f56bfc062723c751e8b465ee728b)
Start importing Assets/Scripts/Managers/AudioManager.cs using Guid(37c9077867df3034e819756fce0567a9) Importer(815301076,1909f56bfc062723c751e8b465ee728b)  -> (artifact id: '200fa09f9495fe464b685c063b403530') in 0.005454 seconds
  Import took 0.009367 seconds .

========================================================================
Received Import Request.
  Time since last request: 18.364320 seconds.
  path: Assets/Scripts/Door.cs
  artifactKey: Guid(014f079d9b5d11442af994027f0e36b8) Importer(815301076,1909f56bfc062723c751e8b465ee728b)
Start importing Assets/Scripts/Door.cs using Guid(014f079d9b5d11442af994027f0e36b8) Importer(815301076,1909f56bfc062723c751e8b465ee728b)  -> (artifact id: '063df86c8ff6e7f3ff46a7e8b3a22fba') in 0.006850 seconds
  Import took 0.013669 seconds .

========================================================================
Received Import Request.
  Time since last request: 0.002268 seconds.
  path: Assets/Scripts/Door.cs
  artifactKey: Guid(014f079d9b5d11442af994027f0e36b8) Importer(815301076,1909f56bfc062723c751e8b465ee728b)
Start importing Assets/Scripts/Door.cs using Guid(014f079d9b5d11442af994027f0e36b8) Importer(815301076,1909f56bfc062723c751e8b465ee728b)  -> (artifact id: '063df86c8ff6e7f3ff46a7e8b3a22fba') in 0.002452 seconds
  Import took 0.004696 seconds .

========================================================================
Received Import Request.
  Time since last request: 5.579508 seconds.
  path: Assets/Scripts/Key.cs
  artifactKey: Guid(ccbe54e4c9a2fb540ad39800cc6dc21d) Importer(815301076,1909f56bfc062723c751e8b465ee728b)
Start importing Assets/Scripts/Key.cs using Guid(ccbe54e4c9a2fb540ad39800cc6dc21d) Importer(815301076,1909f56bfc062723c751e8b465ee728b)  -> (artifact id: '43d1f716fcab7cf12ee2e47eb561c556') in 0.011620 seconds
  Import took 0.014486 seconds .

========================================================================
Received Prepare
Registering precompiled user dll's ...
Registered in 0.000630 seconds.
Begin MonoManager ReloadAssembly
Native extension for WindowsStandalone target not found
Refreshing native plugins compatible for Editor in 0.31 ms, found 0 plugins.
Preloading 0 native plugins for Editor in 0.00 ms.
Mono: successfully reloaded assembly
- Completed reload, in  0.902 seconds
Platform modules already initialized, skipping
Refreshing native plugins compatible for Editor in 0.61 ms, found 0 plugins.
Preloading 0 native plugins for Editor in 0.00 ms.
Unloading 1156 Unused Serialized files (Serialized files now loaded: 0)
System memory in use before: 63.0 MB.
System memory in use after: 63.1 MB.

Unloading 4 unused Assets to reduce memory usage. Loaded Objects now: 1669.
Total: 2.305100 ms (FindLiveObjects: 0.173200 ms CreateObjectMapping: 0.047000 ms MarkObjects: 2.065400 ms  DeleteObjects: 0.017800 ms)

========================================================================
Received Import Request.
  Time since last request: 252.746776 seconds.
  path: Assets/Scripts/Key.cs
  artifactKey: Guid(ccbe54e4c9a2fb540ad39800cc6dc21d) Importer(815301076,1909f56bfc062723c751e8b465ee728b)
Start importing Assets/Scripts/Key.cs using Guid(ccbe54e4c9a2fb540ad39800cc6dc21d) Importer(815301076,1909f56bfc062723c751e8b465ee728b)  -> (artifact id: '8ee23393a2bbeb72c50ee115fdb7ee1b') in 0.007408 seconds
  Import took 0.014756 seconds .

========================================================================
Received Prepare
Registering precompiled user dll's ...
Registered in 0.000740 seconds.
Begin MonoManager ReloadAssembly
Native extension for WindowsStandalone target not found
Refreshing native plugins compatible for Editor in 0.45 ms, found 0 plugins.
Preloading 0 native plugins for Editor in 0.00 ms.
Mono: successfully reloaded assembly
- Completed reload, in  0.760 seconds
Platform modules already initialized, skipping
Refreshing native plugins compatible for Editor in 0.21 ms, found 0 plugins.
Preloading 0 native plugins for Editor in 0.00 ms.
Unloading 1156 Unused Serialized files (Serialized files now loaded: 0)
System memory in use before: 63.0 MB.
System memory in use after: 63.1 MB.

Unloading 4 unused Assets to reduce memory usage. Loaded Objects now: 1672.
Total: 2.376000 ms (FindLiveObjects: 0.294600 ms CreateObjectMapping: 0.078500 ms MarkObjects: 1.981200 ms  DeleteObjects: 0.016800 ms)

========================================================================
Received Import Request.
  Time since last request: 93.675403 seconds.
  path: Assets/Scripts/Key.cs
  artifactKey: Guid(ccbe54e4c9a2fb540ad39800cc6dc21d) Importer(815301076,1909f56bfc062723c751e8b465ee728b)
Start importing Assets/Scripts/Key.cs using Guid(ccbe54e4c9a2fb540ad39800cc6dc21d) Importer(815301076,1909f56bfc062723c751e8b465ee728b)  -> (artifact id: 'cc6577cf05e03554c6dfcf597d2e9145') in 0.003684 seconds
  Import took 0.011266 seconds .

========================================================================
Received Import Request.
  Time since last request: 94.091960 seconds.
  path: Assets/SFX/DoorOpen.mp3
  artifactKey: Guid(e1b0e0bce3f24a649919b74cf7ea3087) Importer(815301076,1909f56bfc062723c751e8b465ee728b)
Start importing Assets/SFX/DoorOpen.mp3 using Guid(e1b0e0bce3f24a649919b74cf7ea3087) Importer(815301076,1909f56bfc062723c751e8b465ee728b)  -> (artifact id: '4f37afc9882653b12657ba150f6e8859') in 0.117080 seconds
  Import took 0.119068 seconds .

========================================================================
Received Import Request.
  Time since last request: 328.958927 seconds.
  path: Assets/Materials/Blue Wood.mat
  artifactKey: Guid(d2eb5701e7d49aa41980a63692cdddb6) Importer(815301076,1909f56bfc062723c751e8b465ee728b)
Start importing Assets/Materials/Blue Wood.mat using Guid(d2eb5701e7d49aa41980a63692cdddb6) Importer(815301076,1909f56bfc062723c751e8b465ee728b)  -> (artifact id: '72fb9f595ce9decafe8f3b2f273df92e') in 1.773309 seconds
  Import took 1.776912 seconds .

========================================================================
Received Import Request.
  Time since last request: 622.299344 seconds.
  path: Packages/com.unity.ide.visualstudio
  artifactKey: Guid(9db636ca49aa246019dd93b7c8b689f4) Importer(815301076,1909f56bfc062723c751e8b465ee728b)
Start importing Packages/com.unity.ide.visualstudio using Guid(9db636ca49aa246019dd93b7c8b689f4) Importer(815301076,1909f56bfc062723c751e8b465ee728b)  -> (artifact id: '60325700a0d74868e6a507b0b28a4d30') in 0.012252 seconds
  Import took 0.015768 seconds .

========================================================================
Received Import Request.
  Time since last request: 94.812930 seconds.
  path: Assets/Textures/KeyInventorySprite.png
  artifactKey: Guid(3b14006b355c1ab4898347b878851712) Importer(815301076,1909f56bfc062723c751e8b465ee728b)
Start importing Assets/Textures/KeyInventorySprite.png using Guid(3b14006b355c1ab4898347b878851712) Importer(815301076,1909f56bfc062723c751e8b465ee728b)  -> (artifact id: 'c17ddb089c423fe01db06006cda7f959') in 0.104208 seconds
  Import took 0.106916 seconds .

========================================================================
Received Import Request.
  Time since last request: 35.962626 seconds.
  path: Assets/Animations/Chest with Key.controller
  artifactKey: Guid(1b8431f1a2a73ed4db3de58102f720e2) Importer(815301076,1909f56bfc062723c751e8b465ee728b)
Start importing Assets/Animations/Chest with Key.controller using Guid(1b8431f1a2a73ed4db3de58102f720e2) Importer(815301076,1909f56bfc062723c751e8b465ee728b)  -> (artifact id: '47bf3cd370218a06781932d7e571e87b') in 0.045542 seconds
  Import took 0.061983 seconds .

========================================================================
Received Prepare
Registering precompiled user dll's ...
Registered in 0.000682 seconds.
Begin MonoManager ReloadAssembly
Native extension for WindowsStandalone target not found
Refreshing native plugins compatible for Editor in 0.27 ms, found 0 plugins.
Preloading 0 native plugins for Editor in 0.00 ms.
Mono: successfully reloaded assembly
- Completed reload, in  0.805 seconds
Platform modules already initialized, skipping
Refreshing native plugins compatible for Editor in 0.23 ms, found 0 plugins.
Preloading 0 native plugins for Editor in 0.00 ms.
Unloading 1156 Unused Serialized files (Serialized files now loaded: 0)
System memory in use before: 63.2 MB.
System memory in use after: 63.3 MB.

Unloading 4 unused Assets to reduce memory usage. Loaded Objects now: 1709.
Total: 1.633600 ms (FindLiveObjects: 0.128400 ms CreateObjectMapping: 0.032800 ms MarkObjects: 1.458400 ms  DeleteObjects: 0.013300 ms)

AssetImportWorkerClient::OnTransportError - code=2 error=End of file
